<?xml version="1.0" encoding="UTF-8"?>
<coverage generated="1700734733653" clover="3.2.0">
  <project timestamp="1700734733653" name="All files">
    <metrics statements="30" coveredstatements="0" conditionals="4" coveredconditionals="0" methods="2" coveredmethods="0" elements="36" coveredelements="0" complexity="0" loc="30" ncloc="30" packages="1" files="2" classes="2"/>
    <file name="App.ts" path="D:\MarkoBence\node\Valasztasok_14A_A_2023\src\App.ts">
      <metrics statements="4" coveredstatements="0" conditionals="2" coveredconditionals="0" methods="1" coveredmethods="0"/>
      <line num="1" count="0" type="stmt"/>
      <line num="2" count="0" type="stmt"/>
      <line num="6" count="0" type="cond" truecount="0" falsecount="2"/>
      <line num="10" count="0" type="stmt"/>
    </file>
    <file name="Content.ts" path="D:\MarkoBence\node\Valasztasok_14A_A_2023\src\Content.ts">
      <metrics statements="26" coveredstatements="0" conditionals="2" coveredconditionals="0" methods="1" coveredmethods="0"/>
      <line num="1" count="0" type="stmt"/>
      <line num="3" count="0" type="stmt"/>
      <line num="5" count="0" type="stmt"/>
      <line num="7" count="0" type="cond" truecount="0" falsecount="1"/>
      <line num="8" count="0" type="stmt"/>
      <line num="9" count="0" type="stmt"/>
      <line num="10" count="0" type="stmt"/>
      <line num="13" count="0" type="stmt"/>
      <line num="14" count="0" type="stmt"/>
      <line num="15" count="0" type="stmt"/>
      <line num="16" count="0" type="stmt"/>
      <line num="17" count="0" type="stmt"/>
      <line num="18" count="0" type="stmt"/>
      <line num="19" count="0" type="stmt"/>
      <line num="20" count="0" type="stmt"/>
      <line num="21" count="0" type="stmt"/>
      <line num="22" count="0" type="stmt"/>
      <line num="24" count="0" type="stmt"/>
      <line num="28" count="0" type="stmt"/>
      <line num="31" count="0" type="stmt"/>
      <line num="34" count="0" type="stmt"/>
      <line num="37" count="0" type="cond" truecount="0" falsecount="1"/>
      <line num="39" count="0" type="stmt"/>
      <line num="40" count="0" type="stmt"/>
      <line num="44" count="0" type="stmt"/>
      <line num="45" count="0" type="stmt"/>
    </file>
  </project>
</coverage>
