{"D:\\MarkoBence\\node\\Valasztasok_14A_A_2023\\src\\App.ts": {"path":"D:\\MarkoBence\\node\\Valasztasok_14A_A_2023\\src\\App.ts","statementMap":{"0":{"start":{"line":1,"column":1},"end":{"line":1,"column":25}},"1":{"start":{"line":2,"column":0},"end":{"line":2,"column":32}},"2":{"start":{"line":6,"column":8},"end":{"line":6,"column":68}},"3":{"start":{"line":10,"column":0},"end":{"line":10,"column":14}}},"fnMap":{"0":{"name":"(anonymous_0)","decl":{"start":{"line":5,"column":4},"end":{"line":5,"column":null}},"loc":{"start":{"line":5,"column":4},"end":{"line":7,"column":5}}}},"branchMap":{"0":{"loc":{"start":{"line":6,"column":42},"end":{"line":6,"column":66}},"type":"binary-expr","locations":[{"start":{"line":6,"column":42},"end":{"line":6,"column":58}},{"start":{"line":6,"column":62},"end":{"line":6,"column":66}}]}},"s":{"0":0,"1":0,"2":0,"3":0},"f":{"0":0},"b":{"0":[0,0]}}
,"D:\\MarkoBence\\node\\Valasztasok_14A_A_2023\\src\\Content.ts": {"path":"D:\\MarkoBence\\node\\Valasztasok_14A_A_2023\\src\\Content.ts","statementMap":{"0":{"start":{"line":1,"column":1},"end":{"line":1,"column":21}},"1":{"start":{"line":3,"column":0},"end":{"line":3,"column":22}},"2":{"start":{"line":7,"column":4},"end":{"line":11,"column":5}},"3":{"start":{"line":8,"column":8},"end":{"line":8,"column":63}},"4":{"start":{"line":9,"column":8},"end":{"line":9,"column":53}},"5":{"start":{"line":10,"column":8},"end":{"line":10,"column":15}},"6":{"start":{"line":13,"column":4},"end":{"line":13,"column":71}},"7":{"start":{"line":14,"column":4},"end":{"line":14,"column":33}},"8":{"start":{"line":15,"column":4},"end":{"line":15,"column":34}},"9":{"start":{"line":16,"column":4},"end":{"line":16,"column":24}},"10":{"start":{"line":17,"column":4},"end":{"line":17,"column":40}},"11":{"start":{"line":18,"column":4},"end":{"line":18,"column":101}},"12":{"start":{"line":19,"column":4},"end":{"line":19,"column":88}},"13":{"start":{"line":20,"column":4},"end":{"line":20,"column":51}},"14":{"start":{"line":21,"column":4},"end":{"line":21,"column":25}},"15":{"start":{"line":22,"column":4},"end":{"line":22,"column":35}},"16":{"start":{"line":24,"column":19},"end":{"line":24,"column":93}},"17":{"start":{"line":28,"column":4},"end":{"line":28,"column":53}},"18":{"start":{"line":31,"column":4},"end":{"line":31,"column":89}},"19":{"start":{"line":34,"column":16},"end":{"line":34,"column":53}},"20":{"start":{"line":37,"column":4},"end":{"line":37,"column":33}},"21":{"start":{"line":37,"column":22},"end":{"line":37,"column":33}},"22":{"start":{"line":39,"column":4},"end":{"line":39,"column":153}},"23":{"start":{"line":40,"column":4},"end":{"line":40,"column":42}},"24":{"start":{"line":44,"column":4},"end":{"line":44,"column":45}},"25":{"start":{"line":45,"column":4},"end":{"line":45,"column":14}},"26":{"start":{"line":5,"column":0},"end":{"line":5,"column":24}}},"fnMap":{"0":{"name":"content","decl":{"start":{"line":5,"column":24},"end":{"line":5,"column":31}},"loc":{"start":{"line":5,"column":83},"end":{"line":46,"column":1}}}},"branchMap":{"0":{"loc":{"start":{"line":7,"column":4},"end":{"line":11,"column":5}},"type":"if","locations":[{"start":{"line":7,"column":4},"end":{"line":11,"column":5}}]},"1":{"loc":{"start":{"line":37,"column":4},"end":{"line":37,"column":33}},"type":"if","locations":[{"start":{"line":37,"column":4},"end":{"line":37,"column":33}}]}},"s":{"0":0,"1":0,"2":0,"3":0,"4":0,"5":0,"6":0,"7":0,"8":0,"9":0,"10":0,"11":0,"12":0,"13":0,"14":0,"15":0,"16":0,"17":0,"18":0,"19":0,"20":0,"21":0,"22":0,"23":0,"24":0,"25":0,"26":0},"f":{"0":0},"b":{"0":[0],"1":[0]}}
}
